{"__type":"$$EventMessageWorkflow","id":"12391508-8d7f-4129-bc72-a4505300c7dd","ts":"2025-09-23T23:43:23.806+00:00","eventName":"n8n.workflow.started","message":"n8n.workflow.started","payload":{"executionId":"23","workflowId":"BUnNW6nyIBKyjVyB","isManual":false,"workflowName":"Random"}}
{"__type":"$$EventMessageConfirm","confirm":"12391508-8d7f-4129-bc72-a4505300c7dd","ts":"2025-09-23T23:43:23.806+00:00","source":{"id":"0","name":"eventBus"}}
{"__type":"$$EventMessageNode","id":"ef59e294-72b9-4afc-aa45-46b53e8fbe7c","ts":"2025-09-23T23:43:23.811+00:00","eventName":"n8n.node.started","message":"n8n.node.started","payload":{"workflowId":"BUnNW6nyIBKyjVyB","workflowName":"Random","executionId":"23","nodeType":"n8n-nodes-base.manualTrigger","nodeName":"When clicking ‘Test workflow’"}}
{"__type":"$$EventMessageConfirm","confirm":"ef59e294-72b9-4afc-aa45-46b53e8fbe7c","ts":"2025-09-23T23:43:23.811+00:00","source":{"id":"0","name":"eventBus"}}
{"__type":"$$EventMessageNode","id":"7fc8321c-8deb-439a-8f5f-658ebd2c429d","ts":"2025-09-23T23:43:23.817+00:00","eventName":"n8n.node.finished","message":"n8n.node.finished","payload":{"workflowId":"BUnNW6nyIBKyjVyB","workflowName":"Random","executionId":"23","nodeType":"n8n-nodes-base.manualTrigger","nodeName":"When clicking ‘Test workflow’"}}
{"__type":"$$EventMessageConfirm","confirm":"7fc8321c-8deb-439a-8f5f-658ebd2c429d","ts":"2025-09-23T23:43:23.818+00:00","source":{"id":"0","name":"eventBus"}}
{"__type":"$$EventMessageNode","id":"78368ab3-1703-4936-a6da-c880e9e248d1","ts":"2025-09-23T23:43:23.818+00:00","eventName":"n8n.node.started","message":"n8n.node.started","payload":{"workflowId":"BUnNW6nyIBKyjVyB","workflowName":"Random","executionId":"23","nodeType":"CUSTOM.random","nodeName":"Random"}}
{"__type":"$$EventMessageConfirm","confirm":"78368ab3-1703-4936-a6da-c880e9e248d1","ts":"2025-09-23T23:43:23.818+00:00","source":{"id":"0","name":"eventBus"}}
{"__type":"$$EventMessageNode","id":"4d54d55d-af5e-4a5e-9832-e6e708be5444","ts":"2025-09-23T23:43:24.748+00:00","eventName":"n8n.node.finished","message":"n8n.node.finished","payload":{"workflowId":"BUnNW6nyIBKyjVyB","workflowName":"Random","executionId":"23","nodeType":"CUSTOM.random","nodeName":"Random"}}
{"__type":"$$EventMessageConfirm","confirm":"4d54d55d-af5e-4a5e-9832-e6e708be5444","ts":"2025-09-23T23:43:24.748+00:00","source":{"id":"0","name":"eventBus"}}
{"__type":"$$EventMessageWorkflow","id":"300b3c9b-ef8e-46f9-8154-d5ca6216de04","ts":"2025-09-23T23:43:24.755+00:00","eventName":"n8n.workflow.success","message":"n8n.workflow.success","payload":{"executionId":"23","userId":"e988ec36-c132-45ef-b833-4258af51ea3a","success":true,"isManual":true,"workflowId":"BUnNW6nyIBKyjVyB","workflowName":"Random"}}
{"__type":"$$EventMessageConfirm","confirm":"300b3c9b-ef8e-46f9-8154-d5ca6216de04","ts":"2025-09-23T23:43:24.755+00:00","source":{"id":"0","name":"eventBus"}}
{"__type":"$$EventMessageWorkflow","id":"fe535de9-e755-4fc3-aa91-87de0859f358","ts":"2025-09-23T23:43:28.164+00:00","eventName":"n8n.workflow.started","message":"n8n.workflow.started","payload":{"executionId":"24","workflowId":"BUnNW6nyIBKyjVyB","isManual":false,"workflowName":"Random"}}
{"__type":"$$EventMessageConfirm","confirm":"fe535de9-e755-4fc3-aa91-87de0859f358","ts":"2025-09-23T23:43:28.165+00:00","source":{"id":"0","name":"eventBus"}}
{"__type":"$$EventMessageNode","id":"c6ce42ba-5f71-4a37-825a-4a7e5d831592","ts":"2025-09-23T23:43:28.165+00:00","eventName":"n8n.node.started","message":"n8n.node.started","payload":{"workflowId":"BUnNW6nyIBKyjVyB","workflowName":"Random","executionId":"24","nodeType":"CUSTOM.random","nodeName":"Random"}}
{"__type":"$$EventMessageConfirm","confirm":"c6ce42ba-5f71-4a37-825a-4a7e5d831592","ts":"2025-09-23T23:43:28.166+00:00","source":{"id":"0","name":"eventBus"}}
{"__type":"$$EventMessageNode","id":"eb58a947-7780-4a0c-87ee-0b3b07c79f6b","ts":"2025-09-23T23:43:28.500+00:00","eventName":"n8n.node.finished","message":"n8n.node.finished","payload":{"workflowId":"BUnNW6nyIBKyjVyB","workflowName":"Random","executionId":"24","nodeType":"CUSTOM.random","nodeName":"Random"}}
{"__type":"$$EventMessageConfirm","confirm":"eb58a947-7780-4a0c-87ee-0b3b07c79f6b","ts":"2025-09-23T23:43:28.500+00:00","source":{"id":"0","name":"eventBus"}}
{"__type":"$$EventMessageWorkflow","id":"373ddc05-2cde-49ae-abc5-ddb5e44788f2","ts":"2025-09-23T23:43:28.502+00:00","eventName":"n8n.workflow.success","message":"n8n.workflow.success","payload":{"executionId":"24","userId":"e988ec36-c132-45ef-b833-4258af51ea3a","success":true,"isManual":true,"workflowId":"BUnNW6nyIBKyjVyB","workflowName":"Random"}}
{"__type":"$$EventMessageConfirm","confirm":"373ddc05-2cde-49ae-abc5-ddb5e44788f2","ts":"2025-09-23T23:43:28.502+00:00","source":{"id":"0","name":"eventBus"}}
{"__type":"$$EventMessageWorkflow","id":"61b4fbfa-a558-449a-a3b7-c967f0763d3d","ts":"2025-09-23T23:43:30.085+00:00","eventName":"n8n.workflow.started","message":"n8n.workflow.started","payload":{"executionId":"25","workflowId":"BUnNW6nyIBKyjVyB","isManual":false,"workflowName":"Random"}}
{"__type":"$$EventMessageConfirm","confirm":"61b4fbfa-a558-449a-a3b7-c967f0763d3d","ts":"2025-09-23T23:43:30.085+00:00","source":{"id":"0","name":"eventBus"}}
{"__type":"$$EventMessageNode","id":"1d7eb3eb-7e9b-4f74-84ae-7a40c6b3d77a","ts":"2025-09-23T23:43:30.085+00:00","eventName":"n8n.node.started","message":"n8n.node.started","payload":{"workflowId":"BUnNW6nyIBKyjVyB","workflowName":"Random","executionId":"25","nodeType":"CUSTOM.random","nodeName":"Random"}}
{"__type":"$$EventMessageConfirm","confirm":"1d7eb3eb-7e9b-4f74-84ae-7a40c6b3d77a","ts":"2025-09-23T23:43:30.085+00:00","source":{"id":"0","name":"eventBus"}}
{"__type":"$$EventMessageNode","id":"b76ee9e7-da94-4d53-9e10-878ade57e268","ts":"2025-09-23T23:43:30.429+00:00","eventName":"n8n.node.finished","message":"n8n.node.finished","payload":{"workflowId":"BUnNW6nyIBKyjVyB","workflowName":"Random","executionId":"25","nodeType":"CUSTOM.random","nodeName":"Random"}}
{"__type":"$$EventMessageConfirm","confirm":"b76ee9e7-da94-4d53-9e10-878ade57e268","ts":"2025-09-23T23:43:30.429+00:00","source":{"id":"0","name":"eventBus"}}
{"__type":"$$EventMessageWorkflow","id":"d2e18f12-6630-4bca-a71d-5c617d3ed276","ts":"2025-09-23T23:43:30.431+00:00","eventName":"n8n.workflow.success","message":"n8n.workflow.success","payload":{"executionId":"25","userId":"e988ec36-c132-45ef-b833-4258af51ea3a","success":true,"isManual":true,"workflowId":"BUnNW6nyIBKyjVyB","workflowName":"Random"}}
{"__type":"$$EventMessageConfirm","confirm":"d2e18f12-6630-4bca-a71d-5c617d3ed276","ts":"2025-09-23T23:43:30.432+00:00","source":{"id":"0","name":"eventBus"}}
