{"__type":"$$EventMessageWorkflow","id":"3c31d213-6689-48a5-8c90-e5ed642c98bc","ts":"2025-09-23T23:23:49.656+00:00","eventName":"n8n.workflow.started","message":"n8n.workflow.started","payload":{"executionId":"21","workflowId":"BUnNW6nyIBKyjVyB","isManual":false,"workflowName":"Random"}}
{"__type":"$$EventMessageConfirm","confirm":"3c31d213-6689-48a5-8c90-e5ed642c98bc","ts":"2025-09-23T23:23:49.658+00:00","source":{"id":"0","name":"eventBus"}}
{"__type":"$$EventMessageNode","id":"98495e6c-b962-45bd-86ae-4e0412bfdfe2","ts":"2025-09-23T23:23:49.666+00:00","eventName":"n8n.node.started","message":"n8n.node.started","payload":{"workflowId":"BUnNW6nyIBKyjVyB","workflowName":"Random","executionId":"21","nodeType":"n8n-nodes-base.manualTrigger","nodeName":"When clicking ‘Test workflow’"}}
{"__type":"$$EventMessageConfirm","confirm":"98495e6c-b962-45bd-86ae-4e0412bfdfe2","ts":"2025-09-23T23:23:49.666+00:00","source":{"id":"0","name":"eventBus"}}
{"__type":"$$EventMessageNode","id":"3ffe2703-d865-476f-aff6-e959b85e7372","ts":"2025-09-23T23:23:49.672+00:00","eventName":"n8n.node.finished","message":"n8n.node.finished","payload":{"workflowId":"BUnNW6nyIBKyjVyB","workflowName":"Random","executionId":"21","nodeType":"n8n-nodes-base.manualTrigger","nodeName":"When clicking ‘Test workflow’"}}
{"__type":"$$EventMessageConfirm","confirm":"3ffe2703-d865-476f-aff6-e959b85e7372","ts":"2025-09-23T23:23:49.672+00:00","source":{"id":"0","name":"eventBus"}}
{"__type":"$$EventMessageNode","id":"fb09f5b5-8d84-4d86-82b9-4cd46162da9e","ts":"2025-09-23T23:23:49.673+00:00","eventName":"n8n.node.started","message":"n8n.node.started","payload":{"workflowId":"BUnNW6nyIBKyjVyB","workflowName":"Random","executionId":"21","nodeType":"CUSTOM.random","nodeName":"Random"}}
{"__type":"$$EventMessageConfirm","confirm":"fb09f5b5-8d84-4d86-82b9-4cd46162da9e","ts":"2025-09-23T23:23:49.673+00:00","source":{"id":"0","name":"eventBus"}}
{"__type":"$$EventMessageNode","id":"0561395b-aa2a-4267-8462-8f1b457aac44","ts":"2025-09-23T23:23:50.392+00:00","eventName":"n8n.node.finished","message":"n8n.node.finished","payload":{"workflowId":"BUnNW6nyIBKyjVyB","workflowName":"Random","executionId":"21","nodeType":"CUSTOM.random","nodeName":"Random"}}
{"__type":"$$EventMessageConfirm","confirm":"0561395b-aa2a-4267-8462-8f1b457aac44","ts":"2025-09-23T23:23:50.392+00:00","source":{"id":"0","name":"eventBus"}}
{"__type":"$$EventMessageWorkflow","id":"deee7176-5edf-4154-8e3a-97ba66667750","ts":"2025-09-23T23:23:50.400+00:00","eventName":"n8n.workflow.success","message":"n8n.workflow.success","payload":{"executionId":"21","userId":"e988ec36-c132-45ef-b833-4258af51ea3a","success":true,"isManual":true,"workflowId":"BUnNW6nyIBKyjVyB","workflowName":"Random"}}
{"__type":"$$EventMessageConfirm","confirm":"deee7176-5edf-4154-8e3a-97ba66667750","ts":"2025-09-23T23:23:50.400+00:00","source":{"id":"0","name":"eventBus"}}
{"__type":"$$EventMessageWorkflow","id":"ce8122f8-b20a-489a-a1ef-4077478d8e35","ts":"2025-09-23T23:23:53.972+00:00","eventName":"n8n.workflow.started","message":"n8n.workflow.started","payload":{"executionId":"22","workflowId":"BUnNW6nyIBKyjVyB","isManual":false,"workflowName":"Random"}}
{"__type":"$$EventMessageConfirm","confirm":"ce8122f8-b20a-489a-a1ef-4077478d8e35","ts":"2025-09-23T23:23:53.972+00:00","source":{"id":"0","name":"eventBus"}}
{"__type":"$$EventMessageNode","id":"2ed8e9e6-5ef3-43c7-aa0a-afed3f026fd1","ts":"2025-09-23T23:23:53.973+00:00","eventName":"n8n.node.started","message":"n8n.node.started","payload":{"workflowId":"BUnNW6nyIBKyjVyB","workflowName":"Random","executionId":"22","nodeType":"CUSTOM.random","nodeName":"Random"}}
{"__type":"$$EventMessageConfirm","confirm":"2ed8e9e6-5ef3-43c7-aa0a-afed3f026fd1","ts":"2025-09-23T23:23:53.973+00:00","source":{"id":"0","name":"eventBus"}}
{"__type":"$$EventMessageNode","id":"8493b778-d0f8-459d-badb-5dae9892dee1","ts":"2025-09-23T23:23:54.312+00:00","eventName":"n8n.node.finished","message":"n8n.node.finished","payload":{"workflowId":"BUnNW6nyIBKyjVyB","workflowName":"Random","executionId":"22","nodeType":"CUSTOM.random","nodeName":"Random"}}
{"__type":"$$EventMessageConfirm","confirm":"8493b778-d0f8-459d-badb-5dae9892dee1","ts":"2025-09-23T23:23:54.312+00:00","source":{"id":"0","name":"eventBus"}}
{"__type":"$$EventMessageWorkflow","id":"4446a736-6972-43a6-bfab-781754b1cde3","ts":"2025-09-23T23:23:54.313+00:00","eventName":"n8n.workflow.success","message":"n8n.workflow.success","payload":{"executionId":"22","userId":"e988ec36-c132-45ef-b833-4258af51ea3a","success":true,"isManual":true,"workflowId":"BUnNW6nyIBKyjVyB","workflowName":"Random"}}
{"__type":"$$EventMessageConfirm","confirm":"4446a736-6972-43a6-bfab-781754b1cde3","ts":"2025-09-23T23:23:54.314+00:00","source":{"id":"0","name":"eventBus"}}
