{"__type":"$$EventMessageWorkflow","id":"f1d0c6b7-6ffa-496a-9e90-99143bb47b97","ts":"2025-09-23T22:38:45.314+00:00","eventName":"n8n.workflow.started","message":"n8n.workflow.started","payload":{"executionId":"18","workflowId":"BUnNW6nyIBKyjVyB","isManual":false,"workflowName":"Random"}}
{"__type":"$$EventMessageConfirm","confirm":"f1d0c6b7-6ffa-496a-9e90-99143bb47b97","ts":"2025-09-23T22:38:45.315+00:00","source":{"id":"0","name":"eventBus"}}
{"__type":"$$EventMessageNode","id":"f3a41385-4fb9-4d90-b92e-85b84bed5ea5","ts":"2025-09-23T22:38:45.318+00:00","eventName":"n8n.node.started","message":"n8n.node.started","payload":{"workflowId":"BUnNW6nyIBKyjVyB","workflowName":"Random","executionId":"18","nodeType":"n8n-nodes-base.manualTrigger","nodeName":"When clicking ‘Test workflow’"}}
{"__type":"$$EventMessageConfirm","confirm":"f3a41385-4fb9-4d90-b92e-85b84bed5ea5","ts":"2025-09-23T22:38:45.318+00:00","source":{"id":"0","name":"eventBus"}}
{"__type":"$$EventMessageNode","id":"0cb2a463-3ff5-4255-af4c-6ce05a36bcbe","ts":"2025-09-23T22:38:45.328+00:00","eventName":"n8n.node.finished","message":"n8n.node.finished","payload":{"workflowId":"BUnNW6nyIBKyjVyB","workflowName":"Random","executionId":"18","nodeType":"n8n-nodes-base.manualTrigger","nodeName":"When clicking ‘Test workflow’"}}
{"__type":"$$EventMessageConfirm","confirm":"0cb2a463-3ff5-4255-af4c-6ce05a36bcbe","ts":"2025-09-23T22:38:45.328+00:00","source":{"id":"0","name":"eventBus"}}
{"__type":"$$EventMessageNode","id":"77928436-9be6-42c0-97da-7f21995825d5","ts":"2025-09-23T22:38:45.329+00:00","eventName":"n8n.node.started","message":"n8n.node.started","payload":{"workflowId":"BUnNW6nyIBKyjVyB","workflowName":"Random","executionId":"18","nodeType":"CUSTOM.random","nodeName":"Random"}}
{"__type":"$$EventMessageConfirm","confirm":"77928436-9be6-42c0-97da-7f21995825d5","ts":"2025-09-23T22:38:45.329+00:00","source":{"id":"0","name":"eventBus"}}
{"__type":"$$EventMessageNode","id":"3f30208a-1954-4a9a-a161-892fc10fa777","ts":"2025-09-23T22:38:46.182+00:00","eventName":"n8n.node.finished","message":"n8n.node.finished","payload":{"workflowId":"BUnNW6nyIBKyjVyB","workflowName":"Random","executionId":"18","nodeType":"CUSTOM.random","nodeName":"Random"}}
{"__type":"$$EventMessageConfirm","confirm":"3f30208a-1954-4a9a-a161-892fc10fa777","ts":"2025-09-23T22:38:46.182+00:00","source":{"id":"0","name":"eventBus"}}
{"__type":"$$EventMessageWorkflow","id":"95a218eb-5a71-46fe-a216-96c2e1f6abcc","ts":"2025-09-23T22:38:46.200+00:00","eventName":"n8n.workflow.success","message":"n8n.workflow.success","payload":{"executionId":"18","userId":"e988ec36-c132-45ef-b833-4258af51ea3a","success":true,"isManual":true,"workflowId":"BUnNW6nyIBKyjVyB","workflowName":"Random"}}
{"__type":"$$EventMessageConfirm","confirm":"95a218eb-5a71-46fe-a216-96c2e1f6abcc","ts":"2025-09-23T22:38:46.200+00:00","source":{"id":"0","name":"eventBus"}}
{"__type":"$$EventMessageWorkflow","id":"8a69367d-a897-4bf7-8ab3-e9d66ec6ed68","ts":"2025-09-23T22:38:52.280+00:00","eventName":"n8n.workflow.started","message":"n8n.workflow.started","payload":{"executionId":"19","workflowId":"BUnNW6nyIBKyjVyB","isManual":false,"workflowName":"Random"}}
{"__type":"$$EventMessageConfirm","confirm":"8a69367d-a897-4bf7-8ab3-e9d66ec6ed68","ts":"2025-09-23T22:38:52.281+00:00","source":{"id":"0","name":"eventBus"}}
{"__type":"$$EventMessageNode","id":"4bc1a6f1-a0a3-4f9e-9643-5925c9b1060f","ts":"2025-09-23T22:38:52.286+00:00","eventName":"n8n.node.started","message":"n8n.node.started","payload":{"workflowId":"BUnNW6nyIBKyjVyB","workflowName":"Random","executionId":"19","nodeType":"CUSTOM.random","nodeName":"Random"}}
{"__type":"$$EventMessageConfirm","confirm":"4bc1a6f1-a0a3-4f9e-9643-5925c9b1060f","ts":"2025-09-23T22:38:52.286+00:00","source":{"id":"0","name":"eventBus"}}
{"__type":"$$EventMessageNode","id":"d86f05f9-532f-461e-9ab1-40e269ca68c7","ts":"2025-09-23T22:38:52.763+00:00","eventName":"n8n.node.finished","message":"n8n.node.finished","payload":{"workflowId":"BUnNW6nyIBKyjVyB","workflowName":"Random","executionId":"19","nodeType":"CUSTOM.random","nodeName":"Random"}}
{"__type":"$$EventMessageConfirm","confirm":"d86f05f9-532f-461e-9ab1-40e269ca68c7","ts":"2025-09-23T22:38:52.764+00:00","source":{"id":"0","name":"eventBus"}}
{"__type":"$$EventMessageWorkflow","id":"af544d31-682d-46f6-8b24-51fd9f935300","ts":"2025-09-23T22:38:52.774+00:00","eventName":"n8n.workflow.success","message":"n8n.workflow.success","payload":{"executionId":"19","userId":"e988ec36-c132-45ef-b833-4258af51ea3a","success":true,"isManual":true,"workflowId":"BUnNW6nyIBKyjVyB","workflowName":"Random"}}
{"__type":"$$EventMessageConfirm","confirm":"af544d31-682d-46f6-8b24-51fd9f935300","ts":"2025-09-23T22:38:52.774+00:00","source":{"id":"0","name":"eventBus"}}
